This file contains any messages produced by compilers while
running configure, to aid debugging if configure makes a mistake.

It was created by ftgl configure 2.0.5, which was
generated by GNU Autoconf 2.57.  Invocation command line was

  $ ./configure 

## --------- ##
## Platform. ##
## --------- ##

hostname = frog
uname -m = x86_64
uname -r = 6.18.12-gentoo-dist
uname -s = Linux
uname -v = #1 SMP PREEMPT_DYNAMIC Tue Feb 17 10:14:16 -00 2026

/usr/bin/uname -p = AMD Ryzen 9 7940HS w/ Radeon 780M Graphics
/bin/uname -X     = unknown

/bin/arch              = x86_64
/usr/bin/arch -k       = unknown
/usr/convex/getsysinfo = unknown
hostinfo               = unknown
/bin/machine           = unknown
/usr/bin/oslevel       = unknown
/bin/universe          = unknown

PATH: /home/hosler/perl5/bin
PATH: /home/hosler/.local/share/src/vcpkg
PATH: /usr/local/sbin
PATH: /usr/local/bin
PATH: /usr/bin
PATH: /opt/bin
PATH: /usr/lib/llvm/21/bin
PATH: /var/lib/snapd/snap/bin
PATH: /home/hosler/.local/bin


## ----------- ##
## Core tests. ##
## ----------- ##

configure:1502: checking build system type
configure:1520: result: x86_64-unknown-linux-gnu
configure:1528: checking host system type
configure:1542: result: x86_64-unknown-linux-gnu
configure:1621: checking for g++
configure:1637: found /usr/bin/g++
configure:1647: result: g++
configure:1663: checking for C++ compiler version
configure:1666: g++ --version </dev/null >&5
g++ (Gentoo 15.2.1_p20260214 p5) 15.2.1 20260214
Copyright (C) 2025 Free Software Foundation, Inc.
This is free software; see the source for copying conditions.  There is NO
warranty; not even for MERCHANTABILITY or FITNESS FOR A PARTICULAR PURPOSE.

configure:1669: $? = 0
configure:1671: g++ -v </dev/null >&5
Using built-in specs.
COLLECT_GCC=g++
COLLECT_LTO_WRAPPER=/usr/libexec/gcc/x86_64-pc-linux-gnu/15/lto-wrapper
OFFLOAD_TARGET_NAMES=nvptx-none
OFFLOAD_TARGET_DEFAULT=1
Target: x86_64-pc-linux-gnu
Configured with: /var/tmp/portage/sys-devel/gcc-15.2.1_p20260214/work/gcc-15-20260214/configure --host=x86_64-pc-linux-gnu --build=x86_64-pc-linux-gnu --prefix=/usr --bindir=/usr/x86_64-pc-linux-gnu/gcc-bin/15 --includedir=/usr/lib/gcc/x86_64-pc-linux-gnu/15/include --datadir=/usr/share/gcc-data/x86_64-pc-linux-gnu/15 --mandir=/usr/share/gcc-data/x86_64-pc-linux-gnu/15/man --infodir=/usr/share/gcc-data/x86_64-pc-linux-gnu/15/info --with-gxx-include-dir=/usr/lib/gcc/x86_64-pc-linux-gnu/15/include/g++-v15 --disable-silent-rules --disable-dependency-tracking --with-python-dir=/share/gcc-data/x86_64-pc-linux-gnu/15/python --enable-languages=c,c++,fortran --enable-obsolete --enable-secureplt --disable-werror --with-system-zlib --enable-nls --without-included-gettext --disable-libunwind-exceptions --enable-checking=release --with-bugurl=https://bugs.gentoo.org/ --with-pkgversion='Gentoo 15.2.1_p20260214 p5' --with-gcc-major-version-only --enable-libstdcxx-time --enable-lto --disable-libstdcxx-pch --enable-linker-build-id --enable-shared --enable-threads=posix --enable-__cxa_atexit --enable-clocale=gnu --enable-multilib --with-multilib-list=m32,m64 --disable-fixed-point --enable-targets=all --enable-offload-defaulted --enable-offload-targets=nvptx-none --enable-libgomp --disable-libssp --disable-libada --enable-cet --disable-systemtap --disable-valgrind-annotations --disable-vtable-verify --disable-libvtv --with-zstd --without-isl --enable-default-pie --enable-host-pie --enable-host-bind-now --enable-default-ssp --disable-fixincludes --with-gxx-libcxx-include-dir=/usr/include/c++/v1 --with-build-config=bootstrap-cet
Thread model: posix
Supported LTO compression algorithms: zlib zstd
gcc version 15.2.1 20260214 (Gentoo 15.2.1_p20260214 p5) 
configure:1674: $? = 0
configure:1676: g++ -V </dev/null >&5
g++: error: unrecognized command-line option '-V'
g++: fatal error: no input files
compilation terminated.
configure:1679: $? = 1
configure:1703: checking for C++ compiler default output
configure:1706: g++    conftest.cc  >&5
configure:1709: $? = 0
configure:1755: result: a.out
configure:1760: checking whether the C++ compiler works
configure:1766: ./a.out
configure:1769: $? = 0
configure:1786: result: yes
configure:1793: checking whether we are cross compiling
configure:1795: result: no
configure:1798: checking for suffix of executables
configure:1800: g++ -o conftest    conftest.cc  >&5
configure:1803: $? = 0
configure:1828: result: 
configure:1834: checking for suffix of object files
configure:1856: g++ -c   conftest.cc >&5
configure:1859: $? = 0
configure:1881: result: o
configure:1885: checking whether we are using the GNU C++ compiler
configure:1910: g++ -c   conftest.cc >&5
configure:1913: $? = 0
configure:1916: test -s conftest.o
configure:1919: $? = 0
configure:1932: result: yes
configure:1938: checking whether g++ accepts -g
configure:1960: g++ -c -g  conftest.cc >&5
configure:1963: $? = 0
configure:1966: test -s conftest.o
configure:1969: $? = 0
configure:1980: result: yes
configure:2024: g++ -c -g -O2  conftest.cc >&5
configure:2027: $? = 0
configure:2030: test -s conftest.o
configure:2033: $? = 0
configure:2060: g++ -c -g -O2  conftest.cc >&5
configure: In function 'int main()':
configure:2055:1: error: 'exit' was not declared in this scope
 2055 |   ;
      | ^ ~ 
configure:2043:1: note: 'exit' is defined in header '<cstdlib>'; this is probably fixable by adding '#include <cstdlib>'
 2042 | rm -f conftest.$ac_objext conftest.$ac_ext
  +++ |+#include <cstdlib>
 2043 |   cat >conftest.$ac_ext <<_ACEOF
configure:2063: $? = 1
configure: failed program was:
| #line 2043 "configure"
| /* confdefs.h.  */
| 
| #define PACKAGE_NAME "ftgl"
| #define PACKAGE_TARNAME "ftgl"
| #define PACKAGE_VERSION "2.0.5"
| #define PACKAGE_STRING "ftgl 2.0.5"
| #define PACKAGE_BUGREPORT "henryj@paradise.net.nz"
| /* end confdefs.h.  */
| 
| int
| main ()
| {
| exit (42);
|   ;
|   return 0;
| }
configure:2024: g++ -c -g -O2  conftest.cc >&5
configure:2027: $? = 0
configure:2030: test -s conftest.o
configure:2033: $? = 0
configure:2060: g++ -c -g -O2  conftest.cc >&5
configure:2063: $? = 0
configure:2066: test -s conftest.o
configure:2069: $? = 0
configure:2206: checking for gcc
configure:2222: found /usr/bin/gcc
configure:2232: result: gcc
configure:2476: checking for C compiler version
configure:2479: gcc --version </dev/null >&5
gcc (Gentoo 15.2.1_p20260214 p5) 15.2.1 20260214
Copyright (C) 2025 Free Software Foundation, Inc.
This is free software; see the source for copying conditions.  There is NO
warranty; not even for MERCHANTABILITY or FITNESS FOR A PARTICULAR PURPOSE.

configure:2482: $? = 0
configure:2484: gcc -v </dev/null >&5
Using built-in specs.
COLLECT_GCC=gcc
COLLECT_LTO_WRAPPER=/usr/libexec/gcc/x86_64-pc-linux-gnu/15/lto-wrapper
OFFLOAD_TARGET_NAMES=nvptx-none
OFFLOAD_TARGET_DEFAULT=1
Target: x86_64-pc-linux-gnu
Configured with: /var/tmp/portage/sys-devel/gcc-15.2.1_p20260214/work/gcc-15-20260214/configure --host=x86_64-pc-linux-gnu --build=x86_64-pc-linux-gnu --prefix=/usr --bindir=/usr/x86_64-pc-linux-gnu/gcc-bin/15 --includedir=/usr/lib/gcc/x86_64-pc-linux-gnu/15/include --datadir=/usr/share/gcc-data/x86_64-pc-linux-gnu/15 --mandir=/usr/share/gcc-data/x86_64-pc-linux-gnu/15/man --infodir=/usr/share/gcc-data/x86_64-pc-linux-gnu/15/info --with-gxx-include-dir=/usr/lib/gcc/x86_64-pc-linux-gnu/15/include/g++-v15 --disable-silent-rules --disable-dependency-tracking --with-python-dir=/share/gcc-data/x86_64-pc-linux-gnu/15/python --enable-languages=c,c++,fortran --enable-obsolete --enable-secureplt --disable-werror --with-system-zlib --enable-nls --without-included-gettext --disable-libunwind-exceptions --enable-checking=release --with-bugurl=https://bugs.gentoo.org/ --with-pkgversion='Gentoo 15.2.1_p20260214 p5' --with-gcc-major-version-only --enable-libstdcxx-time --enable-lto --disable-libstdcxx-pch --enable-linker-build-id --enable-shared --enable-threads=posix --enable-__cxa_atexit --enable-clocale=gnu --enable-multilib --with-multilib-list=m32,m64 --disable-fixed-point --enable-targets=all --enable-offload-defaulted --enable-offload-targets=nvptx-none --enable-libgomp --disable-libssp --disable-libada --enable-cet --disable-systemtap --disable-valgrind-annotations --disable-vtable-verify --disable-libvtv --with-zstd --without-isl --enable-default-pie --enable-host-pie --enable-host-bind-now --enable-default-ssp --disable-fixincludes --with-gxx-libcxx-include-dir=/usr/include/c++/v1 --with-build-config=bootstrap-cet
Thread model: posix
Supported LTO compression algorithms: zlib zstd
gcc version 15.2.1 20260214 (Gentoo 15.2.1_p20260214 p5) 
configure:2487: $? = 0
configure:2489: gcc -V </dev/null >&5
gcc: error: unrecognized command-line option '-V'
gcc: fatal error: no input files
compilation terminated.
configure:2492: $? = 1
configure:2495: checking whether we are using the GNU C compiler
configure:2520: gcc -c   conftest.c >&5
configure:2523: $? = 0
configure:2526: test -s conftest.o
configure:2529: $? = 0
configure:2542: result: yes
configure:2548: checking whether gcc accepts -g
configure:2570: gcc -c -g  conftest.c >&5
configure:2573: $? = 0
configure:2576: test -s conftest.o
configure:2579: $? = 0
configure:2590: result: yes
configure:2607: checking for gcc option to accept ANSI C
configure:2668: gcc  -c -g -O2  conftest.c >&5
configure: In function 'e':
configure:2632:14: warning: old-style function definition [-Wold-style-definition]
 2632 |   return p[i];
      |              ^
configure:2671: $? = 0
configure:2674: test -s conftest.o
configure:2677: $? = 0
configure:2695: result: none needed
configure:2713: gcc -c -g -O2  conftest.c >&5
conftest.c:2:3: error: unknown type name 'choke'
    2 |   choke me
      |   ^~~~~
conftest.c:2:3: error: expected '=', ',', ';', 'asm' or '__attribute__' at end of input
configure:2716: $? = 1
configure: failed program was:
| #ifndef __cplusplus
|   choke me
| #endif
configure:2847: checking for ld used by GCC
configure:2910: result: /usr/x86_64-pc-linux-gnu/bin/ld
configure:2919: checking if the linker (/usr/x86_64-pc-linux-gnu/bin/ld) is GNU ld
GNU ld (Gentoo 2.45.1 p1) 2.45.1
configure:2931: result: yes
configure:2936: checking for /usr/x86_64-pc-linux-gnu/bin/ld option to reload object files
configure:2943: result: -r
configure:2948: checking for BSD-compatible nm
configure:2984: result: /usr/bin/nm -B
configure:2987: checking for a sed that does not truncate output
configure:3069: result: /usr/bin/sed
configure:3072: checking whether ln -s works
configure:3076: result: yes
configure:3083: checking how to recognise dependent libraries
configure:3264: result: file_magic ELF [0-9][0-9]*-bit [LM]SB (shared object|dynamic lib )
configure:3277: checking command to parse /usr/bin/nm -B output
configure:3361: gcc -c -g -O2  conftest.c >&5
configure:3364: $? = 0
configure:3368: /usr/bin/nm -B conftest.o \| sed -n -e 's/^.*[ 	]\([ABCDGISTW][ABCDGISTW]*\)[ 	][ 	]*\(\)\([_A-Za-z][_A-Za-z0-9]*\)$/\1 \2\3 \3/p' \> conftest.nm
configure:3371: $? = 0
configure:3423: gcc -o conftest -g -O2   conftest.c conftstm.o >&5
configure:3426: $? = 0
configure:3470: result: ok
configure:3479: checking how to run the C preprocessor
configure:3515: gcc -E  conftest.c
configure:3521: $? = 0
configure:3553: gcc -E  conftest.c
configure:3555:10: fatal error: ac_nonexistent.h: No such file or directory
 3555 |   ac_status=$?
      |          ^~~~~             
compilation terminated.
configure:3559: $? = 1
configure: failed program was:
| #line 3544 "configure"
| /* confdefs.h.  */
| 
| #define PACKAGE_NAME "ftgl"
| #define PACKAGE_TARNAME "ftgl"
| #define PACKAGE_VERSION "2.0.5"
| #define PACKAGE_STRING "ftgl 2.0.5"
| #define PACKAGE_BUGREPORT "henryj@paradise.net.nz"
| #ifdef __cplusplus
| #include <stdlib.h>
| #endif
| /* end confdefs.h.  */
| #include <ac_nonexistent.h>
configure:3597: result: gcc -E
configure:3622: gcc -E  conftest.c
configure:3628: $? = 0
configure:3660: gcc -E  conftest.c
configure:3662:10: fatal error: ac_nonexistent.h: No such file or directory
 3662 |   ac_status=$?
      |          ^~~~~             
compilation terminated.
configure:3666: $? = 1
configure: failed program was:
| #line 3651 "configure"
| /* confdefs.h.  */
| 
| #define PACKAGE_NAME "ftgl"
| #define PACKAGE_TARNAME "ftgl"
| #define PACKAGE_VERSION "2.0.5"
| #define PACKAGE_STRING "ftgl 2.0.5"
| #define PACKAGE_BUGREPORT "henryj@paradise.net.nz"
| #ifdef __cplusplus
| #include <stdlib.h>
| #endif
| /* end confdefs.h.  */
| #include <ac_nonexistent.h>
configure:3709: checking for egrep
configure:3719: result: grep -E
configure:3724: checking for ANSI C header files
configure:3750: gcc -c -g -O2  conftest.c >&5
configure:3753: $? = 0
configure:3756: test -s conftest.o
configure:3759: $? = 0
configure:3851: gcc -o conftest -g -O2   conftest.c  >&5
configure: In function 'main':
configure:3847:7: error: implicit declaration of function 'exit' [-Wimplicit-function-declaration]
 3847 |   exit (0);
      |       ^~~~
configure:3831:1: note: include '<stdlib.h>' or provide a declaration of 'exit'
 3830 | #else
  +++ |+#include <stdlib.h>
 3831 | # define ISLOWER(c) \
configure:3847:7: warning: incompatible implicit declaration of built-in function 'exit' [-Wbuiltin-declaration-mismatch]
 3847 |   exit (0);
      |       ^~~~
configure:3847:7: note: include '<stdlib.h>' or provide a declaration of 'exit'
configure:3848:3: warning: incompatible implicit declaration of built-in function 'exit' [-Wbuiltin-declaration-mismatch]
 3848 | }
      |   ^   
configure:3848:3: note: include '<stdlib.h>' or provide a declaration of 'exit'
configure:3854: $? = 1
configure: program exited with status 1
configure: failed program was:
| #line 3819 "configure"
| /* confdefs.h.  */
| 
| #define PACKAGE_NAME "ftgl"
| #define PACKAGE_TARNAME "ftgl"
| #define PACKAGE_VERSION "2.0.5"
| #define PACKAGE_STRING "ftgl 2.0.5"
| #define PACKAGE_BUGREPORT "henryj@paradise.net.nz"
| #ifdef __cplusplus
| #include <stdlib.h>
| #endif
| /* end confdefs.h.  */
| #include <ctype.h>
| #if ((' ' & 0x0FF) == 0x020)
| # define ISLOWER(c) ('a' <= (c) && (c) <= 'z')
| # define TOUPPER(c) (ISLOWER(c) ? 'A' + ((c) - 'a') : (c))
| #else
| # define ISLOWER(c)                    (('a' <= (c) && (c) <= 'i')                      || ('j' <= (c) && (c) <= 'r')                      || ('s' <= (c) && (c) <= 'z'))
| # define TOUPPER(c) (ISLOWER(c) ? ((c) | 0x40) : (c))
| #endif
| 
| #define XOR(e, f) (((e) && !(f)) || (!(e) && (f)))
| int
| main ()
| {
|   int i;
|   for (i = 0; i < 256; i++)
|     if (XOR (islower (i), ISLOWER (i))
|         || toupper (i) != TOUPPER (i))
|       exit(2);
|   exit (0);
| }
configure:3874: result: no
configure:3898: checking for sys/types.h
configure:3915: gcc -c -g -O2  conftest.c >&5
configure:3918: $? = 0
configure:3921: test -s conftest.o
configure:3924: $? = 0
configure:3935: result: yes
configure:3898: checking for sys/stat.h
configure:3915: gcc -c -g -O2  conftest.c >&5
configure:3918: $? = 0
configure:3921: test -s conftest.o
configure:3924: $? = 0
configure:3935: result: yes
configure:3898: checking for stdlib.h
configure:3915: gcc -c -g -O2  conftest.c >&5
configure:3918: $? = 0
configure:3921: test -s conftest.o
configure:3924: $? = 0
configure:3935: result: yes
configure:3898: checking for string.h
configure:3915: gcc -c -g -O2  conftest.c >&5
configure:3918: $? = 0
configure:3921: test -s conftest.o
configure:3924: $? = 0
configure:3935: result: yes
configure:3898: checking for memory.h
configure:3915: gcc -c -g -O2  conftest.c >&5
configure:3918: $? = 0
configure:3921: test -s conftest.o
configure:3924: $? = 0
configure:3935: result: yes
configure:3898: checking for strings.h
configure:3915: gcc -c -g -O2  conftest.c >&5
configure:3918: $? = 0
configure:3921: test -s conftest.o
configure:3924: $? = 0
configure:3935: result: yes
configure:3898: checking for inttypes.h
configure:3915: gcc -c -g -O2  conftest.c >&5
configure:3918: $? = 0
configure:3921: test -s conftest.o
configure:3924: $? = 0
configure:3935: result: yes
configure:3898: checking for stdint.h
configure:3915: gcc -c -g -O2  conftest.c >&5
configure:3918: $? = 0
configure:3921: test -s conftest.o
configure:3924: $? = 0
configure:3935: result: yes
configure:3898: checking for unistd.h
configure:3915: gcc -c -g -O2  conftest.c >&5
configure:3918: $? = 0
configure:3921: test -s conftest.o
configure:3924: $? = 0
configure:3935: result: yes
configure:3961: checking dlfcn.h usability
configure:3974: gcc -c -g -O2  conftest.c >&5
configure:3977: $? = 0
configure:3980: test -s conftest.o
configure:3983: $? = 0
configure:3993: result: yes
configure:3997: checking dlfcn.h presence
configure:4008: gcc -E  conftest.c
configure:4014: $? = 0
configure:4033: result: yes
configure:4069: checking for dlfcn.h
configure:4076: result: yes
configure:4098: checking for file
configure:4153: result: /usr/bin/file
configure:4274: checking for ranlib
configure:4290: found /usr/bin/ranlib
configure:4301: result: ranlib
configure:4354: checking for strip
configure:4370: found /usr/bin/strip
configure:4381: result: strip
configure:4591: checking for objdir
configure:4602: result: .libs
configure:4619: checking for gcc option to produce PIC
configure:4765: result: -fPIC
configure:4769: checking if gcc PIC flag -fPIC works
configure:4793: gcc -c -g -O2 -fPIC -DPIC  conftest.c >&5
configure:4796: $? = 0
configure:4799: test -s conftest.o
configure:4802: $? = 0
configure:4840: result: yes
configure:4856: checking if gcc static flag -static works
configure:4881: gcc -o conftest -g -O2   -static conftest.c  >&5
configure:4884: $? = 0
configure:4887: test -s conftest
configure:4890: $? = 0
configure:4906: result: yes
configure:4918: checking if gcc supports -c -o file.o
configure:4938: gcc -c -g -O2 -o out/conftest2.o  conftest.c >&5
configure:4962: result: yes
configure:4967: checking if gcc supports -c -o file.lo
configure:4995: gcc -c -g -O2 -c -o conftest.lo  conftest.c >&5
configure:4998: $? = 0
configure:5001: test -s conftest.lo
configure:5004: $? = 0
configure:5026: result: yes
configure:5057: checking if gcc supports -fno-rtti -fno-exceptions
configure:5080: gcc -c -g -O2 -fno-rtti -fno-exceptions -c conftest.c  conftest.c >&5
cc1: warning: command-line option '-fno-rtti' is valid for C++/D/ObjC++ but not for C
cc1: warning: command-line option '-fno-rtti' is valid for C++/D/ObjC++ but not for C
configure:5083: $? = 0
configure:5086: test -s conftest.o
configure:5089: $? = 0
configure:5106: result: yes
configure:5117: checking whether the linker (/usr/x86_64-pc-linux-gnu/bin/ld) supports shared libraries
configure:5812: result: yes
configure:5817: checking how to hardcode library paths into programs
configure:5841: result: immediate
configure:5846: checking whether stripping libraries is possible
configure:5851: result: yes
configure:5862: checking dynamic linker characteristics
configure:6282: result: GNU/Linux ld.so
configure:6287: checking if libtool supports shared libraries
configure:6289: result: yes
configure:6292: checking whether to build shared libraries
configure:6313: result: no
configure:6316: checking whether to build static libraries
configure:6320: result: yes
configure:7613: checking for ANSI C header files
configure:7763: result: no
configure:7774: checking for stdlib.h
configure:7779: result: yes
configure:7907: checking for X
configure:8013: gcc -E  conftest.c
configure:8019: $? = 0
configure:8069: gcc -o conftest -g -O2   conftest.c -lXt  >&5
configure:8072: $? = 0
configure:8075: test -s conftest
configure:8078: $? = 0
configure:8127: result: libraries , headers 
configure:8170: checking for freetype-config
configure:8201: result: no
configure:8210: checking for FreeType - version >= 9.0.3
configure:8303: result: no
configure:8318: error: FreeType2 is required to compile this library

## ---------------- ##
## Cache variables. ##
## ---------------- ##

ac_cv_build=x86_64-unknown-linux-gnu
ac_cv_build_alias=x86_64-unknown-linux-gnu
ac_cv_c_compiler_gnu=yes
ac_cv_cxx_compiler_gnu=yes
ac_cv_env_CC_set=
ac_cv_env_CC_value=
ac_cv_env_CFLAGS_set=
ac_cv_env_CFLAGS_value=
ac_cv_env_CPPFLAGS_set=
ac_cv_env_CPPFLAGS_value=
ac_cv_env_CPP_set=
ac_cv_env_CPP_value=
ac_cv_env_CXXFLAGS_set=
ac_cv_env_CXXFLAGS_value=
ac_cv_env_CXX_set=
ac_cv_env_CXX_value=
ac_cv_env_LDFLAGS_set=
ac_cv_env_LDFLAGS_value=
ac_cv_env_build_alias_set=
ac_cv_env_build_alias_value=
ac_cv_env_host_alias_set=
ac_cv_env_host_alias_value=
ac_cv_env_target_alias_set=
ac_cv_env_target_alias_value=
ac_cv_exeext=
ac_cv_have_x='have_x=yes 		ac_x_includes= ac_x_libraries='
ac_cv_header_dlfcn_h=yes
ac_cv_header_inttypes_h=yes
ac_cv_header_memory_h=yes
ac_cv_header_stdc=no
ac_cv_header_stdint_h=yes
ac_cv_header_stdlib_h=yes
ac_cv_header_string_h=yes
ac_cv_header_strings_h=yes
ac_cv_header_sys_stat_h=yes
ac_cv_header_sys_types_h=yes
ac_cv_header_unistd_h=yes
ac_cv_host=x86_64-unknown-linux-gnu
ac_cv_host_alias=x86_64-unknown-linux-gnu
ac_cv_objext=o
ac_cv_path_FT2_CONFIG=no
ac_cv_prog_CPP='gcc -E'
ac_cv_prog_ac_ct_CC=gcc
ac_cv_prog_ac_ct_CXX=g++
ac_cv_prog_ac_ct_RANLIB=ranlib
ac_cv_prog_ac_ct_STRIP=strip
ac_cv_prog_cc_g=yes
ac_cv_prog_cc_stdc=
ac_cv_prog_cxx_g=yes
ac_cv_prog_egrep='grep -E'
lt_cv_compiler_c_o=yes
lt_cv_compiler_o_lo=yes
lt_cv_deplibs_check_method='file_magic ELF [0-9][0-9]*-bit [LM]SB (shared object|dynamic lib )'
lt_cv_file_magic_cmd='$MAGIC_CMD'
lt_cv_file_magic_test_file='/lib/libc.so /lib/libc.so.6 /lib/libc-*.so'
lt_cv_global_symbol_to_c_name_address='sed -n -e '\''s/^: \([^ ]*\) $/  {\"\1\", (lt_ptr) 0},/p'\'' -e '\''s/^[BCDEGRST] \([^ ]*\) \([^ ]*\)$/  {"\2", (lt_ptr) \&\2},/p'\'''
lt_cv_global_symbol_to_cdecl='sed -n -e '\''s/^. .* \(.*\)$/extern char \1;/p'\'''
lt_cv_ld_reload_flag=-r
lt_cv_path_LD=/usr/x86_64-pc-linux-gnu/bin/ld
lt_cv_path_MAGIC_CMD=/usr/bin/file
lt_cv_path_NM='/usr/bin/nm -B'
lt_cv_path_SED=/usr/bin/sed
lt_cv_prog_cc_can_build_shared=yes
lt_cv_prog_cc_no_builtin=
lt_cv_prog_cc_pic=' -fPIC'
lt_cv_prog_cc_pic_works=yes
lt_cv_prog_cc_shlib=
lt_cv_prog_cc_static=-static
lt_cv_prog_cc_static_works=yes
lt_cv_prog_cc_wl=-Wl,
lt_cv_prog_gnu_ld=yes
lt_cv_sys_global_symbol_pipe='sed -n -e '\''s/^.*[ 	]\([ABCDGISTW][ABCDGISTW]*\)[ 	][ 	]*\(\)\([_A-Za-z][_A-Za-z0-9]*\)$/\1 \2\3 \3/p'\'''

## ----------------- ##
## Output variables. ##
## ----------------- ##

CC='gcc'
CFLAGS='-g -O2'
CPP='gcc -E'
CPPFLAGS=''
CXX='g++'
CXXFLAGS='-g -O2'
DEFS=''
DOXYGEN=''
ECHO='echo'
ECHO_C=''
ECHO_N='-n'
ECHO_T=''
EGREP='grep -E'
EXEEXT=''
FT2_CFLAGS=''
FT2_CONFIG='no'
FT2_LIBS=''
GLUT_CFLAGS=''
GLUT_LIBS=''
GL_CFLAGS=''
GL_LIBS=''
HAVE_GLUT=''
INSTALL_DATA=''
INSTALL_PROGRAM=''
INSTALL_SCRIPT=''
LDFLAGS=''
LIBOBJS=''
LIBS=''
LIBTOOL='$(SHELL) $(top_builddir)/libtool'
LN_S='ln -s'
LTLIBOBJS=''
OBJEXT='o'
PACKAGE_BUGREPORT='henryj@paradise.net.nz'
PACKAGE_NAME='ftgl'
PACKAGE_STRING='ftgl 2.0.5'
PACKAGE_TARNAME='ftgl'
PACKAGE_VERSION='2.0.5'
PATH_SEPARATOR=':'
RANLIB='ranlib'
SHELL='/bin/sh'
STRIP='strip'
X_CFLAGS=''
X_EXTRA_LIBS=''
X_LIBS=''
X_PRE_LIBS=''
ac_ct_CC='gcc'
ac_ct_CXX='g++'
ac_ct_RANLIB='ranlib'
ac_ct_STRIP='strip'
bindir='${exec_prefix}/bin'
build='x86_64-unknown-linux-gnu'
build_alias=''
build_cpu='x86_64'
build_os='linux-gnu'
build_vendor='unknown'
datadir='${prefix}/share'
exec_prefix='NONE'
host='x86_64-unknown-linux-gnu'
host_alias=''
host_cpu='x86_64'
host_os='linux-gnu'
host_vendor='unknown'
includedir='${prefix}/include'
infodir='${prefix}/info'
libdir='${exec_prefix}/lib'
libexecdir='${exec_prefix}/libexec'
localstatedir='${prefix}/var'
mandir='${prefix}/man'
oldincludedir='/usr/include'
prefix='NONE'
program_transform_name='s,x,x,'
sbindir='${exec_prefix}/sbin'
sharedstatedir='${prefix}/com'
sysconfdir='${prefix}/etc'
target_alias=''

## ----------- ##
## confdefs.h. ##
## ----------- ##

#define HAVE_DLFCN_H 1
#define HAVE_INTTYPES_H 1
#define HAVE_MEMORY_H 1
#define HAVE_STDINT_H 1
#define HAVE_STDLIB_H 1
#define HAVE_STRINGS_H 1
#define HAVE_STRING_H 1
#define HAVE_SYS_STAT_H 1
#define HAVE_SYS_TYPES_H 1
#define HAVE_UNISTD_H 1
#define PACKAGE_BUGREPORT "henryj@paradise.net.nz"
#define PACKAGE_NAME "ftgl"
#define PACKAGE_STRING "ftgl 2.0.5"
#define PACKAGE_TARNAME "ftgl"
#define PACKAGE_VERSION "2.0.5"
#endif
#ifdef __cplusplus
#include <stdlib.h>

configure: exit 1
